<?xml version="1.0" encoding="UTF-8"?>
<!-- Generated by org.testng.reporters.JUnitReportReporter -->
<testsuite hostname="Divya_Sai" failures="0" tests="2" name="com.automation.tests.BasicSeleniumTest" time="4.250" errors="0" timestamp="2026-03-08T18:16:37 EDT" skipped="0">
  <testcase classname="com.automation.tests.BasicSeleniumTest" name="testGoogleHomepage" time="2.780"/>
  <testcase classname="com.automation.tests.BasicSeleniumTest" name="testBingHomepage" time="1.470"/>
</testsuite> <!-- com.automation.tests.BasicSeleniumTest -->
