<?xml version="1.0" encoding="UTF-8"?>
<!-- Generated by org.testng.reporters.JUnitXMLReporter -->
<testsuite ignored="0" hostname="Divya_Sai" failures="0" tests="2" name="Basic Selenium Tests" time="4.301" errors="0" timestamp="2026-03-08T18:16:37 EDT">
  <testcase classname="com.automation.tests.BasicSeleniumTest" name="testBingHomepage" time="0.39"/>
  <testcase classname="com.automation.tests.BasicSeleniumTest" name="testGoogleHomepage" time="0.702"/>
</testsuite> <!-- Basic Selenium Tests -->
