<?xml version="1.0" encoding="UTF-8"?>
<testng-results ignored="0" total="2" passed="2" failed="0" skipped="0">
  <reporter-output>
  </reporter-output>
  <suite started-at="2026-03-08T18:16:33 EDT" name="Selenium Test Suite" finished-at="2026-03-08T18:16:37 EDT" duration-ms="4301">
    <groups>
    </groups>
    <test started-at="2026-03-08T18:16:33 EDT" name="Basic Selenium Tests" finished-at="2026-03-08T18:16:37 EDT" duration-ms="4301">
      <class name="com.automation.tests.BasicSeleniumTest">
        <test-method is-config="true" signature="setUp()[pri:0, instance:com.automation.tests.BasicSeleniumTest@3d51f06e]" started-at="2026-03-08T18:16:33 EDT" name="setUp" finished-at="2026-03-08T18:16:35 EDT" duration-ms="1861" status="PASS">
          <reporter-output>
          </reporter-output>
        </test-method> <!-- setUp -->
        <test-method signature="testBingHomepage()[pri:0, instance:com.automation.tests.BasicSeleniumTest@3d51f06e]" started-at="2026-03-08T18:16:35 EDT" name="testBingHomepage" finished-at="2026-03-08T18:16:35 EDT" duration-ms="390" status="PASS">
          <reporter-output>
          </reporter-output>
        </test-method> <!-- testBingHomepage -->
        <test-method is-config="true" signature="tearDown()[pri:0, instance:com.automation.tests.BasicSeleniumTest@3d51f06e]" started-at="2026-03-08T18:16:35 EDT" name="tearDown" finished-at="2026-03-08T18:16:35 EDT" duration-ms="217" status="PASS">
          <reporter-output>
          </reporter-output>
        </test-method> <!-- tearDown -->
        <test-method is-config="true" signature="setUp()[pri:0, instance:com.automation.tests.BasicSeleniumTest@3d51f06e]" started-at="2026-03-08T18:16:35 EDT" name="setUp" finished-at="2026-03-08T18:16:36 EDT" duration-ms="865" status="PASS">
          <reporter-output>
          </reporter-output>
        </test-method> <!-- setUp -->
        <test-method signature="testGoogleHomepage()[pri:0, instance:com.automation.tests.BasicSeleniumTest@3d51f06e]" started-at="2026-03-08T18:16:36 EDT" name="testGoogleHomepage" finished-at="2026-03-08T18:16:37 EDT" duration-ms="702" status="PASS">
          <reporter-output>
          </reporter-output>
        </test-method> <!-- testGoogleHomepage -->
        <test-method is-config="true" signature="tearDown()[pri:0, instance:com.automation.tests.BasicSeleniumTest@3d51f06e]" started-at="2026-03-08T18:16:37 EDT" name="tearDown" finished-at="2026-03-08T18:16:37 EDT" duration-ms="215" status="PASS">
          <reporter-output>
          </reporter-output>
        </test-method> <!-- tearDown -->
      </class> <!-- com.automation.tests.BasicSeleniumTest -->
    </test> <!-- Basic Selenium Tests -->
  </suite> <!-- Selenium Test Suite -->
</testng-results>
